<?xml version="1.0" encoding="UTF-8"?>
<testsuite name="com.example.calculator.CalculatorTests" tests="25" skipped="0" failures="0" errors="0" timestamp="2025-02-06T08:28:21" hostname="a929289063da" time="0.216">
  <properties/>
  <testcase name="1 + 1 = 2" classname="com.example.calculator.CalculatorTests" time="0.028"/>
  <testcase name="1 / 1 = 1" classname="com.example.calculator.CalculatorTests" time="0.026"/>
  <testcase name="4 / 2 = 2" classname="com.example.calculator.CalculatorTests" time="0.004"/>
  <testcase name="8 / 2 = 4" classname="com.example.calculator.CalculatorTests" time="0.002"/>
  <testcase name="200 / 100 = 2" classname="com.example.calculator.CalculatorTests" time="0.001"/>
  <testcase name="d / 1 = 1" classname="com.example.calculator.CalculatorTests" time="0.003"/>
  <testcase name="ads / 2 = 3" classname="com.example.calculator.CalculatorTests" time="0.001"/>
  <testcase name="qwd / 2 = 4" classname="com.example.calculator.CalculatorTests" time="0.001"/>
  <testcase name="safd / 100 = 103" classname="com.example.calculator.CalculatorTests" time="0.001"/>
  <testcase name="0 + 1 = 1" classname="com.example.calculator.CalculatorTests" time="0.002"/>
  <testcase name="1 + 2 = 3" classname="com.example.calculator.CalculatorTests" time="0.001"/>
  <testcase name="49 + 51 = 100" classname="com.example.calculator.CalculatorTests" time="0.002"/>
  <testcase name="1 + 100 = 101" classname="com.example.calculator.CalculatorTests" time="0.001"/>
  <testcase name="1 - 0 = 1" classname="com.example.calculator.CalculatorTests" time="0.002"/>
  <testcase name="5 - 2 = 3" classname="com.example.calculator.CalculatorTests" time="0.001"/>
  <testcase name="151 - 51 = 100" classname="com.example.calculator.CalculatorTests" time="0.001"/>
  <testcase name="201 - 100 = 101" classname="com.example.calculator.CalculatorTests" time="0.0"/>
  <testcase name="d / 1 = 1" classname="com.example.calculator.CalculatorTests" time="0.003"/>
  <testcase name="ads / 2 = 3" classname="com.example.calculator.CalculatorTests" time="0.001"/>
  <testcase name="qwd / 2 = 4" classname="com.example.calculator.CalculatorTests" time="0.001"/>
  <testcase name="safd / 100 = 103" classname="com.example.calculator.CalculatorTests" time="0.0"/>
  <testcase name="d / 1 = 1" classname="com.example.calculator.CalculatorTests" time="0.002"/>
  <testcase name="ads / 2 = 3" classname="com.example.calculator.CalculatorTests" time="0.0"/>
  <testcase name="qwd / 2 = 4" classname="com.example.calculator.CalculatorTests" time="0.001"/>
  <testcase name="safd / 100 = 103" classname="com.example.calculator.CalculatorTests" time="0.001"/>
  <system-out><![CDATA[]]></system-out>
  <system-err><![CDATA[]]></system-err>
</testsuite>
